<?xml version="1.0" encoding="UTF-8"?>
<testng-results ignored="0" total="31" passed="27" failed="4" skipped="0">
  <reporter-output>
  </reporter-output>
  <suite started-at="2024-03-15T21:02:43 IST" name="Default suite" finished-at="2024-03-15T21:05:16 IST" duration-ms="152284">
    <groups>
      <group name="cucumber">
        <method signature="AbstractTestNGCucumberTests.runScenario(io.cucumber.testng.PickleWrapper,io.cucumber.testng.FeatureWrapper)[pri:0, instance:TestRunner.Runner@35d019a3]" name="runScenario" class="io.cucumber.testng.AbstractTestNGCucumberTests"/>
      </group> <!-- cucumber -->
    </groups>
    <test started-at="2024-03-15T21:02:43 IST" name="Default test" finished-at="2024-03-15T21:05:16 IST" duration-ms="152284">
      <class name="TestRunner.Runner">
        <test-method is-config="true" signature="setUpClass(org.testng.ITestContext)[pri:0, instance:TestRunner.Runner@35d019a3]" started-at="2024-03-15T21:02:43 IST" name="setUpClass" finished-at="2024-03-15T21:02:44 IST" duration-ms="401" status="PASS">
          <params>
            <param index="0">
              <value>
                <![CDATA[org.testng.TestRunner@6bea0866]]>
              </value>
            </param>
          </params>
          <reporter-output>
          </reporter-output>
        </test-method> <!-- setUpClass -->
        <test-method signature="runScenario(io.cucumber.testng.PickleWrapper,io.cucumber.testng.FeatureWrapper)[pri:0, instance:TestRunner.Runner@35d019a3]" started-at="2024-03-15T21:02:44 IST" name="runScenario" description="Runs Cucumber Scenarios" data-provider="scenarios" finished-at="2024-03-15T21:02:49 IST" duration-ms="5840" status="PASS">
          <params>
            <param index="0">
              <value>
                <![CDATA["Select Members Age"]]>
              </value>
            </param>
            <param index="1">
              <value>
                <![CDATA["Member Age Selection"]]>
              </value>
            </param>
          </params>
          <reporter-output>
          </reporter-output>
        </test-method> <!-- runScenario -->
        <test-method signature="runScenario(io.cucumber.testng.PickleWrapper,io.cucumber.testng.FeatureWrapper)[pri:0, instance:TestRunner.Runner@35d019a3]" started-at="2024-03-15T21:02:49 IST" name="runScenario" description="Runs Cucumber Scenarios" data-provider="scenarios" finished-at="2024-03-15T21:02:53 IST" duration-ms="3711" status="PASS">
          <params>
            <param index="0">
              <value>
                <![CDATA["Four Member Positive Scenario"]]>
              </value>
            </param>
            <param index="1">
              <value>
                <![CDATA["Member Selection"]]>
              </value>
            </param>
          </params>
          <reporter-output>
          </reporter-output>
        </test-method> <!-- runScenario -->
        <test-method signature="runScenario(io.cucumber.testng.PickleWrapper,io.cucumber.testng.FeatureWrapper)[pri:0, instance:TestRunner.Runner@35d019a3]" started-at="2024-03-15T21:02:53 IST" name="runScenario" description="Runs Cucumber Scenarios" data-provider="scenarios" finished-at="2024-03-15T21:02:58 IST" duration-ms="4542" status="PASS">
          <params>
            <param index="0">
              <value>
                <![CDATA["Not allowed Relationship combinations"]]>
              </value>
            </param>
            <param index="1">
              <value>
                <![CDATA["Member Selection"]]>
              </value>
            </param>
          </params>
          <reporter-output>
          </reporter-output>
        </test-method> <!-- runScenario -->
        <test-method signature="runScenario(io.cucumber.testng.PickleWrapper,io.cucumber.testng.FeatureWrapper)[pri:0, instance:TestRunner.Runner@35d019a3]" started-at="2024-03-15T21:02:58 IST" name="runScenario" description="Runs Cucumber Scenarios" data-provider="scenarios" finished-at="2024-03-15T21:03:02 IST" duration-ms="4330" status="PASS">
          <params>
            <param index="0">
              <value>
                <![CDATA["Not allowed Relationship combinations"]]>
              </value>
            </param>
            <param index="1">
              <value>
                <![CDATA["Member Selection"]]>
              </value>
            </param>
          </params>
          <reporter-output>
          </reporter-output>
        </test-method> <!-- runScenario -->
        <test-method signature="runScenario(io.cucumber.testng.PickleWrapper,io.cucumber.testng.FeatureWrapper)[pri:0, instance:TestRunner.Runner@35d019a3]" started-at="2024-03-15T21:03:02 IST" name="runScenario" description="Runs Cucumber Scenarios" data-provider="scenarios" finished-at="2024-03-15T21:03:08 IST" duration-ms="5651" status="PASS">
          <params>
            <param index="0">
              <value>
                <![CDATA["Not allowed Relationship combinations"]]>
              </value>
            </param>
            <param index="1">
              <value>
                <![CDATA["Member Selection"]]>
              </value>
            </param>
          </params>
          <reporter-output>
          </reporter-output>
        </test-method> <!-- runScenario -->
        <test-method signature="runScenario(io.cucumber.testng.PickleWrapper,io.cucumber.testng.FeatureWrapper)[pri:0, instance:TestRunner.Runner@35d019a3]" started-at="2024-03-15T21:03:08 IST" name="runScenario" description="Runs Cucumber Scenarios" data-provider="scenarios" finished-at="2024-03-15T21:03:12 IST" duration-ms="4429" status="PASS">
          <params>
            <param index="0">
              <value>
                <![CDATA["Not allowed Relationship combinations"]]>
              </value>
            </param>
            <param index="1">
              <value>
                <![CDATA["Member Selection"]]>
              </value>
            </param>
          </params>
          <reporter-output>
          </reporter-output>
        </test-method> <!-- runScenario -->
        <test-method signature="runScenario(io.cucumber.testng.PickleWrapper,io.cucumber.testng.FeatureWrapper)[pri:0, instance:TestRunner.Runner@35d019a3]" started-at="2024-03-15T21:03:12 IST" name="runScenario" description="Runs Cucumber Scenarios" data-provider="scenarios" finished-at="2024-03-15T21:03:17 IST" duration-ms="4931" status="PASS">
          <params>
            <param index="0">
              <value>
                <![CDATA["Not allowed Relationship combinations"]]>
              </value>
            </param>
            <param index="1">
              <value>
                <![CDATA["Member Selection"]]>
              </value>
            </param>
          </params>
          <reporter-output>
          </reporter-output>
        </test-method> <!-- runScenario -->
        <test-method signature="runScenario(io.cucumber.testng.PickleWrapper,io.cucumber.testng.FeatureWrapper)[pri:0, instance:TestRunner.Runner@35d019a3]" started-at="2024-03-15T21:03:17 IST" name="runScenario" description="Runs Cucumber Scenarios" data-provider="scenarios" finished-at="2024-03-15T21:03:22 IST" duration-ms="4664" status="PASS">
          <params>
            <param index="0">
              <value>
                <![CDATA["Not allowed Relationship combinations"]]>
              </value>
            </param>
            <param index="1">
              <value>
                <![CDATA["Member Selection"]]>
              </value>
            </param>
          </params>
          <reporter-output>
          </reporter-output>
        </test-method> <!-- runScenario -->
        <test-method signature="runScenario(io.cucumber.testng.PickleWrapper,io.cucumber.testng.FeatureWrapper)[pri:0, instance:TestRunner.Runner@35d019a3]" started-at="2024-03-15T21:03:22 IST" name="runScenario" description="Runs Cucumber Scenarios" data-provider="scenarios" finished-at="2024-03-15T21:03:26 IST" duration-ms="4712" status="PASS">
          <params>
            <param index="0">
              <value>
                <![CDATA["Not allowed Relationship combinations"]]>
              </value>
            </param>
            <param index="1">
              <value>
                <![CDATA["Member Selection"]]>
              </value>
            </param>
          </params>
          <reporter-output>
          </reporter-output>
        </test-method> <!-- runScenario -->
        <test-method signature="runScenario(io.cucumber.testng.PickleWrapper,io.cucumber.testng.FeatureWrapper)[pri:0, instance:TestRunner.Runner@35d019a3]" started-at="2024-03-15T21:03:26 IST" name="runScenario" description="Runs Cucumber Scenarios" data-provider="scenarios" finished-at="2024-03-15T21:03:32 IST" duration-ms="5135" status="PASS">
          <params>
            <param index="0">
              <value>
                <![CDATA["Not allowed Relationship combinations"]]>
              </value>
            </param>
            <param index="1">
              <value>
                <![CDATA["Member Selection"]]>
              </value>
            </param>
          </params>
          <reporter-output>
          </reporter-output>
        </test-method> <!-- runScenario -->
        <test-method signature="runScenario(io.cucumber.testng.PickleWrapper,io.cucumber.testng.FeatureWrapper)[pri:0, instance:TestRunner.Runner@35d019a3]" started-at="2024-03-15T21:03:32 IST" name="runScenario" description="Runs Cucumber Scenarios" data-provider="scenarios" finished-at="2024-03-15T21:03:37 IST" duration-ms="4933" status="PASS">
          <params>
            <param index="0">
              <value>
                <![CDATA["Not allowed Relationship combinations"]]>
              </value>
            </param>
            <param index="1">
              <value>
                <![CDATA["Member Selection"]]>
              </value>
            </param>
          </params>
          <reporter-output>
          </reporter-output>
        </test-method> <!-- runScenario -->
        <test-method signature="runScenario(io.cucumber.testng.PickleWrapper,io.cucumber.testng.FeatureWrapper)[pri:0, instance:TestRunner.Runner@35d019a3]" started-at="2024-03-15T21:03:37 IST" name="runScenario" description="Runs Cucumber Scenarios" data-provider="scenarios" finished-at="2024-03-15T21:03:41 IST" duration-ms="4698" status="PASS">
          <params>
            <param index="0">
              <value>
                <![CDATA["Not allowed Relationship combinations"]]>
              </value>
            </param>
            <param index="1">
              <value>
                <![CDATA["Member Selection"]]>
              </value>
            </param>
          </params>
          <reporter-output>
          </reporter-output>
        </test-method> <!-- runScenario -->
        <test-method signature="runScenario(io.cucumber.testng.PickleWrapper,io.cucumber.testng.FeatureWrapper)[pri:0, instance:TestRunner.Runner@35d019a3]" started-at="2024-03-15T21:03:41 IST" name="runScenario" description="Runs Cucumber Scenarios" data-provider="scenarios" finished-at="2024-03-15T21:03:46 IST" duration-ms="4782" status="PASS">
          <params>
            <param index="0">
              <value>
                <![CDATA["Not allowed Relationship combinations"]]>
              </value>
            </param>
            <param index="1">
              <value>
                <![CDATA["Member Selection"]]>
              </value>
            </param>
          </params>
          <reporter-output>
          </reporter-output>
        </test-method> <!-- runScenario -->
        <test-method signature="runScenario(io.cucumber.testng.PickleWrapper,io.cucumber.testng.FeatureWrapper)[pri:0, instance:TestRunner.Runner@35d019a3]" started-at="2024-03-15T21:03:46 IST" name="runScenario" description="Runs Cucumber Scenarios" data-provider="scenarios" finished-at="2024-03-15T21:03:51 IST" duration-ms="4781" status="PASS">
          <params>
            <param index="0">
              <value>
                <![CDATA["Not allowed Relationship combinations"]]>
              </value>
            </param>
            <param index="1">
              <value>
                <![CDATA["Member Selection"]]>
              </value>
            </param>
          </params>
          <reporter-output>
          </reporter-output>
        </test-method> <!-- runScenario -->
        <test-method signature="runScenario(io.cucumber.testng.PickleWrapper,io.cucumber.testng.FeatureWrapper)[pri:0, instance:TestRunner.Runner@35d019a3]" started-at="2024-03-15T21:03:51 IST" name="runScenario" description="Runs Cucumber Scenarios" data-provider="scenarios" finished-at="2024-03-15T21:03:56 IST" duration-ms="4814" status="PASS">
          <params>
            <param index="0">
              <value>
                <![CDATA["Allowed Relationship combinations"]]>
              </value>
            </param>
            <param index="1">
              <value>
                <![CDATA["Member Selection"]]>
              </value>
            </param>
          </params>
          <reporter-output>
          </reporter-output>
        </test-method> <!-- runScenario -->
        <test-method signature="runScenario(io.cucumber.testng.PickleWrapper,io.cucumber.testng.FeatureWrapper)[pri:0, instance:TestRunner.Runner@35d019a3]" started-at="2024-03-15T21:03:56 IST" name="runScenario" description="Runs Cucumber Scenarios" data-provider="scenarios" finished-at="2024-03-15T21:04:00 IST" duration-ms="4849" status="PASS">
          <params>
            <param index="0">
              <value>
                <![CDATA["Allowed Relationship combinations"]]>
              </value>
            </param>
            <param index="1">
              <value>
                <![CDATA["Member Selection"]]>
              </value>
            </param>
          </params>
          <reporter-output>
          </reporter-output>
        </test-method> <!-- runScenario -->
        <test-method signature="runScenario(io.cucumber.testng.PickleWrapper,io.cucumber.testng.FeatureWrapper)[pri:0, instance:TestRunner.Runner@35d019a3]" started-at="2024-03-15T21:04:00 IST" name="runScenario" description="Runs Cucumber Scenarios" data-provider="scenarios" finished-at="2024-03-15T21:04:05 IST" duration-ms="4782" status="PASS">
          <params>
            <param index="0">
              <value>
                <![CDATA["Allowed Relationship combinations"]]>
              </value>
            </param>
            <param index="1">
              <value>
                <![CDATA["Member Selection"]]>
              </value>
            </param>
          </params>
          <reporter-output>
          </reporter-output>
        </test-method> <!-- runScenario -->
        <test-method signature="runScenario(io.cucumber.testng.PickleWrapper,io.cucumber.testng.FeatureWrapper)[pri:0, instance:TestRunner.Runner@35d019a3]" started-at="2024-03-15T21:04:05 IST" name="runScenario" description="Runs Cucumber Scenarios" data-provider="scenarios" finished-at="2024-03-15T21:04:09 IST" duration-ms="3748" status="PASS">
          <params>
            <param index="0">
              <value>
                <![CDATA["Invalid Mobile number scenerio"]]>
              </value>
            </param>
            <param index="1">
              <value>
                <![CDATA["Mobile number verification"]]>
              </value>
            </param>
          </params>
          <reporter-output>
          </reporter-output>
        </test-method> <!-- runScenario -->
        <test-method signature="runScenario(io.cucumber.testng.PickleWrapper,io.cucumber.testng.FeatureWrapper)[pri:0, instance:TestRunner.Runner@35d019a3]" started-at="2024-03-15T21:04:09 IST" name="runScenario" description="Runs Cucumber Scenarios" data-provider="scenarios" finished-at="2024-03-15T21:04:12 IST" duration-ms="2997" status="PASS">
          <params>
            <param index="0">
              <value>
                <![CDATA["Invalid Mobile number scenerio"]]>
              </value>
            </param>
            <param index="1">
              <value>
                <![CDATA["Mobile number verification"]]>
              </value>
            </param>
          </params>
          <reporter-output>
          </reporter-output>
        </test-method> <!-- runScenario -->
        <test-method signature="runScenario(io.cucumber.testng.PickleWrapper,io.cucumber.testng.FeatureWrapper)[pri:0, instance:TestRunner.Runner@35d019a3]" started-at="2024-03-15T21:04:12 IST" name="runScenario" description="Runs Cucumber Scenarios" data-provider="scenarios" finished-at="2024-03-15T21:04:15 IST" duration-ms="3314" status="PASS">
          <params>
            <param index="0">
              <value>
                <![CDATA["Invalid Mobile number scenerio"]]>
              </value>
            </param>
            <param index="1">
              <value>
                <![CDATA["Mobile number verification"]]>
              </value>
            </param>
          </params>
          <reporter-output>
          </reporter-output>
        </test-method> <!-- runScenario -->
        <test-method signature="runScenario(io.cucumber.testng.PickleWrapper,io.cucumber.testng.FeatureWrapper)[pri:0, instance:TestRunner.Runner@35d019a3]" started-at="2024-03-15T21:04:15 IST" name="runScenario" description="Runs Cucumber Scenarios" data-provider="scenarios" finished-at="2024-03-15T21:04:19 IST" duration-ms="3283" status="PASS">
          <params>
            <param index="0">
              <value>
                <![CDATA["Invalid Mobile number scenerio"]]>
              </value>
            </param>
            <param index="1">
              <value>
                <![CDATA["Mobile number verification"]]>
              </value>
            </param>
          </params>
          <reporter-output>
          </reporter-output>
        </test-method> <!-- runScenario -->
        <test-method signature="runScenario(io.cucumber.testng.PickleWrapper,io.cucumber.testng.FeatureWrapper)[pri:0, instance:TestRunner.Runner@35d019a3]" started-at="2024-03-15T21:04:19 IST" name="runScenario" description="Runs Cucumber Scenarios" data-provider="scenarios" finished-at="2024-03-15T21:04:22 IST" duration-ms="3183" status="PASS">
          <params>
            <param index="0">
              <value>
                <![CDATA["Invalid Mobile number scenerio"]]>
              </value>
            </param>
            <param index="1">
              <value>
                <![CDATA["Mobile number verification"]]>
              </value>
            </param>
          </params>
          <reporter-output>
          </reporter-output>
        </test-method> <!-- runScenario -->
        <test-method signature="runScenario(io.cucumber.testng.PickleWrapper,io.cucumber.testng.FeatureWrapper)[pri:0, instance:TestRunner.Runner@35d019a3]" started-at="2024-03-15T21:04:22 IST" name="runScenario" description="Runs Cucumber Scenarios" data-provider="scenarios" finished-at="2024-03-15T21:04:25 IST" duration-ms="3043" status="PASS">
          <params>
            <param index="0">
              <value>
                <![CDATA["Invalid Mobile number scenerio"]]>
              </value>
            </param>
            <param index="1">
              <value>
                <![CDATA["Mobile number verification"]]>
              </value>
            </param>
          </params>
          <reporter-output>
          </reporter-output>
        </test-method> <!-- runScenario -->
        <test-method signature="runScenario(io.cucumber.testng.PickleWrapper,io.cucumber.testng.FeatureWrapper)[pri:0, instance:TestRunner.Runner@35d019a3]" started-at="2024-03-15T21:04:25 IST" name="runScenario" description="Runs Cucumber Scenarios" data-provider="scenarios" finished-at="2024-03-15T21:04:28 IST" duration-ms="3425" status="PASS">
          <params>
            <param index="0">
              <value>
                <![CDATA["Valid Mobile number scenerio"]]>
              </value>
            </param>
            <param index="1">
              <value>
                <![CDATA["Mobile number verification"]]>
              </value>
            </param>
          </params>
          <reporter-output>
          </reporter-output>
        </test-method> <!-- runScenario -->
        <test-method signature="runScenario(io.cucumber.testng.PickleWrapper,io.cucumber.testng.FeatureWrapper)[pri:0, instance:TestRunner.Runner@35d019a3]" started-at="2024-03-15T21:04:28 IST" name="runScenario" description="Runs Cucumber Scenarios" data-provider="scenarios" finished-at="2024-03-15T21:04:33 IST" duration-ms="4595" status="FAIL">
          <params>
            <param index="0">
              <value>
                <![CDATA["Pincode Scenario"]]>
              </value>
            </param>
            <param index="1">
              <value>
                <![CDATA["Pincode  Selection"]]>
              </value>
            </param>
          </params>
          <exception class="org.openqa.selenium.ElementClickInterceptedException">
            <message>
              <![CDATA[element click intercepted: Element <label for="spouse">...</label> is not clickable at point (1008, 400). Other element would receive the click: <div class="tranceporent_loader lozad" data-background-image="https://www.careinsurance.com/images//logo_loader-1.gif" style="display: block; background-image: url(&quot;https://www.careinsurance.com/images//logo_loader-1.gif&quot;);" data-loaded="true">...</div>
  (Session info: chrome=122.0.6261.112)
Build info: version: '3.141.59', revision: 'e82be7d358', time: '2018-11-14T08:17:03'
System info: host: 'LAPTOP-MEGAJEV2', ip: '172.20.10.6', os.name: 'Windows 11', os.arch: 'amd64', os.version: '10.0', java.version: '21.0.1'
Driver info: org.openqa.selenium.chrome.ChromeDriver
Capabilities {acceptInsecureCerts: false, browserName: chrome, browserVersion: 122.0.6261.112, chrome: {chromedriverVersion: 122.0.6261.128 (f18a44fedeb..., userDataDir: C:\Users\ACER\AppData\Local...}, fedcm:accounts: true, goog:chromeOptions: {debuggerAddress: localhost:1671}, javascriptEnabled: true, networkConnectionEnabled: false, pageLoadStrategy: normal, platform: WINDOWS, platformName: WINDOWS, proxy: Proxy(), setWindowRect: true, strictFileInteractability: false, timeouts: {implicit: 0, pageLoad: 300000, script: 30000}, unhandledPromptBehavior: dismiss and notify, webauthn:extension:credBlob: true, webauthn:extension:largeBlob: true, webauthn:extension:minPinLength: true, webauthn:extension:prf: true, webauthn:virtualAuthenticators: true}
Session ID: bf8d154a7bcdaed6d05c504e69865b17]]>
            </message>
            <full-stacktrace>
              <![CDATA[org.openqa.selenium.ElementClickInterceptedException: element click intercepted: Element <label for="spouse">...</label> is not clickable at point (1008, 400). Other element would receive the click: <div class="tranceporent_loader lozad" data-background-image="https://www.careinsurance.com/images//logo_loader-1.gif" style="display: block; background-image: url(&quot;https://www.careinsurance.com/images//logo_loader-1.gif&quot;);" data-loaded="true">...</div>
  (Session info: chrome=122.0.6261.112)
Build info: version: '3.141.59', revision: 'e82be7d358', time: '2018-11-14T08:17:03'
System info: host: 'LAPTOP-MEGAJEV2', ip: '172.20.10.6', os.name: 'Windows 11', os.arch: 'amd64', os.version: '10.0', java.version: '21.0.1'
Driver info: org.openqa.selenium.chrome.ChromeDriver
Capabilities {acceptInsecureCerts: false, browserName: chrome, browserVersion: 122.0.6261.112, chrome: {chromedriverVersion: 122.0.6261.128 (f18a44fedeb..., userDataDir: C:\Users\ACER\AppData\Local...}, fedcm:accounts: true, goog:chromeOptions: {debuggerAddress: localhost:1671}, javascriptEnabled: true, networkConnectionEnabled: false, pageLoadStrategy: normal, platform: WINDOWS, platformName: WINDOWS, proxy: Proxy(), setWindowRect: true, strictFileInteractability: false, timeouts: {implicit: 0, pageLoad: 300000, script: 30000}, unhandledPromptBehavior: dismiss and notify, webauthn:extension:credBlob: true, webauthn:extension:largeBlob: true, webauthn:extension:minPinLength: true, webauthn:extension:prf: true, webauthn:virtualAuthenticators: true}
Session ID: bf8d154a7bcdaed6d05c504e69865b17
at java.base/jdk.internal.reflect.DirectConstructorHandleAccessor.newInstance(DirectConstructorHandleAccessor.java:62)
at java.base/java.lang.reflect.Constructor.newInstanceWithCaller(Constructor.java:502)
at java.base/java.lang.reflect.Constructor.newInstance(Constructor.java:486)
at org.openqa.selenium.remote.http.W3CHttpResponseCodec.createException(W3CHttpResponseCodec.java:187)
at org.openqa.selenium.remote.http.W3CHttpResponseCodec.decode(W3CHttpResponseCodec.java:122)
at org.openqa.selenium.remote.http.W3CHttpResponseCodec.decode(W3CHttpResponseCodec.java:49)
at org.openqa.selenium.remote.HttpCommandExecutor.execute(HttpCommandExecutor.java:158)
at org.openqa.selenium.remote.service.DriverCommandExecutor.execute(DriverCommandExecutor.java:83)
at org.openqa.selenium.remote.RemoteWebDriver.execute(RemoteWebDriver.java:552)
at org.openqa.selenium.remote.RemoteWebElement.execute(RemoteWebElement.java:285)
at org.openqa.selenium.remote.RemoteWebElement.click(RemoteWebElement.java:84)
at java.base/jdk.internal.reflect.DirectMethodHandleAccessor.invoke(DirectMethodHandleAccessor.java:103)
at java.base/java.lang.reflect.Method.invoke(Method.java:580)
at org.openqa.selenium.support.pagefactory.internal.LocatingElementHandler.invoke(LocatingElementHandler.java:51)
at jdk.proxy2/jdk.proxy2.$Proxy39.click(Unknown Source)
at PageObject.MobileToPincode.SelectSpouse(MobileToPincode.java:67)
at StepDefinition.StepDef.select_member_one_as_member_two_as_member_three_as(StepDef.java:319)
at ✽.Select member one as "spouse" member two as "son" member three as "daughter"(file:///C:/Users/ACER/eclipse-workspace/Care_Supreme/./Features/Pincode.feature:9)
]]>
            </full-stacktrace>
          </exception> <!-- org.openqa.selenium.ElementClickInterceptedException -->
          <reporter-output>
          </reporter-output>
        </test-method> <!-- runScenario -->
        <test-method signature="runScenario(io.cucumber.testng.PickleWrapper,io.cucumber.testng.FeatureWrapper)[pri:0, instance:TestRunner.Runner@35d019a3]" started-at="2024-03-15T21:04:33 IST" name="runScenario" description="Runs Cucumber Scenarios" data-provider="scenarios" finished-at="2024-03-15T21:04:42 IST" duration-ms="9265" status="PASS">
          <params>
            <param index="0">
              <value>
                <![CDATA["Pincode Scenario"]]>
              </value>
            </param>
            <param index="1">
              <value>
                <![CDATA["Total Coverage (SI) Selection"]]>
              </value>
            </param>
          </params>
          <reporter-output>
          </reporter-output>
        </test-method> <!-- runScenario -->
        <test-method signature="runScenario(io.cucumber.testng.PickleWrapper,io.cucumber.testng.FeatureWrapper)[pri:0, instance:TestRunner.Runner@35d019a3]" started-at="2024-03-15T21:04:42 IST" name="runScenario" description="Runs Cucumber Scenarios" data-provider="scenarios" finished-at="2024-03-15T21:04:51 IST" duration-ms="9330" status="PASS">
          <params>
            <param index="0">
              <value>
                <![CDATA["Pincode Scenario"]]>
              </value>
            </param>
            <param index="1">
              <value>
                <![CDATA["Total Coverage (SI) Selection"]]>
              </value>
            </param>
          </params>
          <reporter-output>
          </reporter-output>
        </test-method> <!-- runScenario -->
        <test-method signature="runScenario(io.cucumber.testng.PickleWrapper,io.cucumber.testng.FeatureWrapper)[pri:0, instance:TestRunner.Runner@35d019a3]" started-at="2024-03-15T21:04:51 IST" name="runScenario" description="Runs Cucumber Scenarios" data-provider="scenarios" finished-at="2024-03-15T21:04:57 IST" duration-ms="5886" status="FAIL">
          <params>
            <param index="0">
              <value>
                <![CDATA["Pincode Scenario"]]>
              </value>
            </param>
            <param index="1">
              <value>
                <![CDATA["Total Coverage (SI) Selection"]]>
              </value>
            </param>
          </params>
          <exception class="org.openqa.selenium.ElementClickInterceptedException">
            <message>
              <![CDATA[element click intercepted: Element <label for="spouse">...</label> is not clickable at point (1008, 404). Other element would receive the click: <div class="step2 form-step Cr-PreQuote-InsuredDetails" style="display: block;">...</div>
  (Session info: chrome=122.0.6261.112)
Build info: version: '3.141.59', revision: 'e82be7d358', time: '2018-11-14T08:17:03'
System info: host: 'LAPTOP-MEGAJEV2', ip: '172.20.10.6', os.name: 'Windows 11', os.arch: 'amd64', os.version: '10.0', java.version: '21.0.1'
Driver info: org.openqa.selenium.chrome.ChromeDriver
Capabilities {acceptInsecureCerts: false, browserName: chrome, browserVersion: 122.0.6261.112, chrome: {chromedriverVersion: 122.0.6261.128 (f18a44fedeb..., userDataDir: C:\Users\ACER\AppData\Local...}, fedcm:accounts: true, goog:chromeOptions: {debuggerAddress: localhost:1772}, javascriptEnabled: true, networkConnectionEnabled: false, pageLoadStrategy: normal, platform: WINDOWS, platformName: WINDOWS, proxy: Proxy(), setWindowRect: true, strictFileInteractability: false, timeouts: {implicit: 0, pageLoad: 300000, script: 30000}, unhandledPromptBehavior: dismiss and notify, webauthn:extension:credBlob: true, webauthn:extension:largeBlob: true, webauthn:extension:minPinLength: true, webauthn:extension:prf: true, webauthn:virtualAuthenticators: true}
Session ID: aa64afdbcac21336134bd13346e6bef6]]>
            </message>
            <full-stacktrace>
              <![CDATA[org.openqa.selenium.ElementClickInterceptedException: element click intercepted: Element <label for="spouse">...</label> is not clickable at point (1008, 404). Other element would receive the click: <div class="step2 form-step Cr-PreQuote-InsuredDetails" style="display: block;">...</div>
  (Session info: chrome=122.0.6261.112)
Build info: version: '3.141.59', revision: 'e82be7d358', time: '2018-11-14T08:17:03'
System info: host: 'LAPTOP-MEGAJEV2', ip: '172.20.10.6', os.name: 'Windows 11', os.arch: 'amd64', os.version: '10.0', java.version: '21.0.1'
Driver info: org.openqa.selenium.chrome.ChromeDriver
Capabilities {acceptInsecureCerts: false, browserName: chrome, browserVersion: 122.0.6261.112, chrome: {chromedriverVersion: 122.0.6261.128 (f18a44fedeb..., userDataDir: C:\Users\ACER\AppData\Local...}, fedcm:accounts: true, goog:chromeOptions: {debuggerAddress: localhost:1772}, javascriptEnabled: true, networkConnectionEnabled: false, pageLoadStrategy: normal, platform: WINDOWS, platformName: WINDOWS, proxy: Proxy(), setWindowRect: true, strictFileInteractability: false, timeouts: {implicit: 0, pageLoad: 300000, script: 30000}, unhandledPromptBehavior: dismiss and notify, webauthn:extension:credBlob: true, webauthn:extension:largeBlob: true, webauthn:extension:minPinLength: true, webauthn:extension:prf: true, webauthn:virtualAuthenticators: true}
Session ID: aa64afdbcac21336134bd13346e6bef6
at java.base/jdk.internal.reflect.DirectConstructorHandleAccessor.newInstance(DirectConstructorHandleAccessor.java:62)
at java.base/java.lang.reflect.Constructor.newInstanceWithCaller(Constructor.java:502)
at java.base/java.lang.reflect.Constructor.newInstance(Constructor.java:486)
at org.openqa.selenium.remote.http.W3CHttpResponseCodec.createException(W3CHttpResponseCodec.java:187)
at org.openqa.selenium.remote.http.W3CHttpResponseCodec.decode(W3CHttpResponseCodec.java:122)
at org.openqa.selenium.remote.http.W3CHttpResponseCodec.decode(W3CHttpResponseCodec.java:49)
at org.openqa.selenium.remote.HttpCommandExecutor.execute(HttpCommandExecutor.java:158)
at org.openqa.selenium.remote.service.DriverCommandExecutor.execute(DriverCommandExecutor.java:83)
at org.openqa.selenium.remote.RemoteWebDriver.execute(RemoteWebDriver.java:552)
at org.openqa.selenium.remote.RemoteWebElement.execute(RemoteWebElement.java:285)
at org.openqa.selenium.remote.RemoteWebElement.click(RemoteWebElement.java:84)
at java.base/jdk.internal.reflect.DirectMethodHandleAccessor.invoke(DirectMethodHandleAccessor.java:103)
at java.base/java.lang.reflect.Method.invoke(Method.java:580)
at org.openqa.selenium.support.pagefactory.internal.LocatingElementHandler.invoke(LocatingElementHandler.java:51)
at jdk.proxy2/jdk.proxy2.$Proxy39.click(Unknown Source)
at PageObject.MobileToPincode.SelectSpouse(MobileToPincode.java:67)
at StepDefinition.StepDef.select_member_one_as_member_two_as_member_three_as(StepDef.java:319)
at ✽.Select member one as "spouse" member two as "son" member three as "daughter"(file:///C:/Users/ACER/eclipse-workspace/Care_Supreme/./Features/TotalCoverage.feature:9)
]]>
            </full-stacktrace>
          </exception> <!-- org.openqa.selenium.ElementClickInterceptedException -->
          <reporter-output>
          </reporter-output>
        </test-method> <!-- runScenario -->
        <test-method signature="runScenario(io.cucumber.testng.PickleWrapper,io.cucumber.testng.FeatureWrapper)[pri:0, instance:TestRunner.Runner@35d019a3]" started-at="2024-03-15T21:04:57 IST" name="runScenario" description="Runs Cucumber Scenarios" data-provider="scenarios" finished-at="2024-03-15T21:05:06 IST" duration-ms="8895" status="PASS">
          <params>
            <param index="0">
              <value>
                <![CDATA["Pincode Scenario"]]>
              </value>
            </param>
            <param index="1">
              <value>
                <![CDATA["Total Coverage (SI) Selection"]]>
              </value>
            </param>
          </params>
          <reporter-output>
          </reporter-output>
        </test-method> <!-- runScenario -->
        <test-method signature="runScenario(io.cucumber.testng.PickleWrapper,io.cucumber.testng.FeatureWrapper)[pri:0, instance:TestRunner.Runner@35d019a3]" started-at="2024-03-15T21:05:06 IST" name="runScenario" description="Runs Cucumber Scenarios" data-provider="scenarios" finished-at="2024-03-15T21:05:11 IST" duration-ms="4724" status="FAIL">
          <params>
            <param index="0">
              <value>
                <![CDATA["Pincode Scenario"]]>
              </value>
            </param>
            <param index="1">
              <value>
                <![CDATA["Total Coverage (SI) Selection"]]>
              </value>
            </param>
          </params>
          <exception class="org.openqa.selenium.ElementClickInterceptedException">
            <message>
              <![CDATA[element click intercepted: Element <label for="spouse">...</label> is not clickable at point (1008, 396). Other element would receive the click: <div class="tranceporent_loader lozad" data-background-image="https://www.careinsurance.com/images//logo_loader-1.gif" style="display: block; background-image: url(&quot;https://www.careinsurance.com/images//logo_loader-1.gif&quot;);" data-loaded="true">...</div>
  (Session info: chrome=122.0.6261.112)
Build info: version: '3.141.59', revision: 'e82be7d358', time: '2018-11-14T08:17:03'
System info: host: 'LAPTOP-MEGAJEV2', ip: '172.20.10.6', os.name: 'Windows 11', os.arch: 'amd64', os.version: '10.0', java.version: '21.0.1'
Driver info: org.openqa.selenium.chrome.ChromeDriver
Capabilities {acceptInsecureCerts: false, browserName: chrome, browserVersion: 122.0.6261.112, chrome: {chromedriverVersion: 122.0.6261.128 (f18a44fedeb..., userDataDir: C:\Users\ACER\AppData\Local...}, fedcm:accounts: true, goog:chromeOptions: {debuggerAddress: localhost:1846}, javascriptEnabled: true, networkConnectionEnabled: false, pageLoadStrategy: normal, platform: WINDOWS, platformName: WINDOWS, proxy: Proxy(), setWindowRect: true, strictFileInteractability: false, timeouts: {implicit: 0, pageLoad: 300000, script: 30000}, unhandledPromptBehavior: dismiss and notify, webauthn:extension:credBlob: true, webauthn:extension:largeBlob: true, webauthn:extension:minPinLength: true, webauthn:extension:prf: true, webauthn:virtualAuthenticators: true}
Session ID: fa4c60d3d02627fd152ba0fabe085bfc]]>
            </message>
            <full-stacktrace>
              <![CDATA[org.openqa.selenium.ElementClickInterceptedException: element click intercepted: Element <label for="spouse">...</label> is not clickable at point (1008, 396). Other element would receive the click: <div class="tranceporent_loader lozad" data-background-image="https://www.careinsurance.com/images//logo_loader-1.gif" style="display: block; background-image: url(&quot;https://www.careinsurance.com/images//logo_loader-1.gif&quot;);" data-loaded="true">...</div>
  (Session info: chrome=122.0.6261.112)
Build info: version: '3.141.59', revision: 'e82be7d358', time: '2018-11-14T08:17:03'
System info: host: 'LAPTOP-MEGAJEV2', ip: '172.20.10.6', os.name: 'Windows 11', os.arch: 'amd64', os.version: '10.0', java.version: '21.0.1'
Driver info: org.openqa.selenium.chrome.ChromeDriver
Capabilities {acceptInsecureCerts: false, browserName: chrome, browserVersion: 122.0.6261.112, chrome: {chromedriverVersion: 122.0.6261.128 (f18a44fedeb..., userDataDir: C:\Users\ACER\AppData\Local...}, fedcm:accounts: true, goog:chromeOptions: {debuggerAddress: localhost:1846}, javascriptEnabled: true, networkConnectionEnabled: false, pageLoadStrategy: normal, platform: WINDOWS, platformName: WINDOWS, proxy: Proxy(), setWindowRect: true, strictFileInteractability: false, timeouts: {implicit: 0, pageLoad: 300000, script: 30000}, unhandledPromptBehavior: dismiss and notify, webauthn:extension:credBlob: true, webauthn:extension:largeBlob: true, webauthn:extension:minPinLength: true, webauthn:extension:prf: true, webauthn:virtualAuthenticators: true}
Session ID: fa4c60d3d02627fd152ba0fabe085bfc
at java.base/jdk.internal.reflect.DirectConstructorHandleAccessor.newInstance(DirectConstructorHandleAccessor.java:62)
at java.base/java.lang.reflect.Constructor.newInstanceWithCaller(Constructor.java:502)
at java.base/java.lang.reflect.Constructor.newInstance(Constructor.java:486)
at org.openqa.selenium.remote.http.W3CHttpResponseCodec.createException(W3CHttpResponseCodec.java:187)
at org.openqa.selenium.remote.http.W3CHttpResponseCodec.decode(W3CHttpResponseCodec.java:122)
at org.openqa.selenium.remote.http.W3CHttpResponseCodec.decode(W3CHttpResponseCodec.java:49)
at org.openqa.selenium.remote.HttpCommandExecutor.execute(HttpCommandExecutor.java:158)
at org.openqa.selenium.remote.service.DriverCommandExecutor.execute(DriverCommandExecutor.java:83)
at org.openqa.selenium.remote.RemoteWebDriver.execute(RemoteWebDriver.java:552)
at org.openqa.selenium.remote.RemoteWebElement.execute(RemoteWebElement.java:285)
at org.openqa.selenium.remote.RemoteWebElement.click(RemoteWebElement.java:84)
at java.base/jdk.internal.reflect.DirectMethodHandleAccessor.invoke(DirectMethodHandleAccessor.java:103)
at java.base/java.lang.reflect.Method.invoke(Method.java:580)
at org.openqa.selenium.support.pagefactory.internal.LocatingElementHandler.invoke(LocatingElementHandler.java:51)
at jdk.proxy2/jdk.proxy2.$Proxy39.click(Unknown Source)
at PageObject.MobileToPincode.SelectSpouse(MobileToPincode.java:67)
at StepDefinition.StepDef.select_member_one_as_member_two_as_member_three_as(StepDef.java:319)
at ✽.Select member one as "spouse" member two as "son" member three as "daughter"(file:///C:/Users/ACER/eclipse-workspace/Care_Supreme/./Features/TotalCoverage.feature:9)
]]>
            </full-stacktrace>
          </exception> <!-- org.openqa.selenium.ElementClickInterceptedException -->
          <reporter-output>
          </reporter-output>
        </test-method> <!-- runScenario -->
        <test-method signature="runScenario(io.cucumber.testng.PickleWrapper,io.cucumber.testng.FeatureWrapper)[pri:0, instance:TestRunner.Runner@35d019a3]" started-at="2024-03-15T21:05:11 IST" name="runScenario" description="Runs Cucumber Scenarios" data-provider="scenarios" finished-at="2024-03-15T21:05:15 IST" duration-ms="4531" status="FAIL">
          <params>
            <param index="0">
              <value>
                <![CDATA["Pincode Scenario"]]>
              </value>
            </param>
            <param index="1">
              <value>
                <![CDATA["Total Coverage (SI) Selection"]]>
              </value>
            </param>
          </params>
          <exception class="org.openqa.selenium.ElementClickInterceptedException">
            <message>
              <![CDATA[element click intercepted: Element <label for="spouse">...</label> is not clickable at point (1008, 387). Other element would receive the click: <div class="tranceporent_loader lozad" data-background-image="https://www.careinsurance.com/images//logo_loader-1.gif" style="display: block; background-image: url(&quot;https://www.careinsurance.com/images//logo_loader-1.gif&quot;);" data-loaded="true">...</div>
  (Session info: chrome=122.0.6261.112)
Build info: version: '3.141.59', revision: 'e82be7d358', time: '2018-11-14T08:17:03'
System info: host: 'LAPTOP-MEGAJEV2', ip: '172.20.10.6', os.name: 'Windows 11', os.arch: 'amd64', os.version: '10.0', java.version: '21.0.1'
Driver info: org.openqa.selenium.chrome.ChromeDriver
Capabilities {acceptInsecureCerts: false, browserName: chrome, browserVersion: 122.0.6261.112, chrome: {chromedriverVersion: 122.0.6261.128 (f18a44fedeb..., userDataDir: C:\Users\ACER\AppData\Local...}, fedcm:accounts: true, goog:chromeOptions: {debuggerAddress: localhost:1880}, javascriptEnabled: true, networkConnectionEnabled: false, pageLoadStrategy: normal, platform: WINDOWS, platformName: WINDOWS, proxy: Proxy(), setWindowRect: true, strictFileInteractability: false, timeouts: {implicit: 0, pageLoad: 300000, script: 30000}, unhandledPromptBehavior: dismiss and notify, webauthn:extension:credBlob: true, webauthn:extension:largeBlob: true, webauthn:extension:minPinLength: true, webauthn:extension:prf: true, webauthn:virtualAuthenticators: true}
Session ID: c399205b69b0591e0c7fbc0d5af26a35]]>
            </message>
            <full-stacktrace>
              <![CDATA[org.openqa.selenium.ElementClickInterceptedException: element click intercepted: Element <label for="spouse">...</label> is not clickable at point (1008, 387). Other element would receive the click: <div class="tranceporent_loader lozad" data-background-image="https://www.careinsurance.com/images//logo_loader-1.gif" style="display: block; background-image: url(&quot;https://www.careinsurance.com/images//logo_loader-1.gif&quot;);" data-loaded="true">...</div>
  (Session info: chrome=122.0.6261.112)
Build info: version: '3.141.59', revision: 'e82be7d358', time: '2018-11-14T08:17:03'
System info: host: 'LAPTOP-MEGAJEV2', ip: '172.20.10.6', os.name: 'Windows 11', os.arch: 'amd64', os.version: '10.0', java.version: '21.0.1'
Driver info: org.openqa.selenium.chrome.ChromeDriver
Capabilities {acceptInsecureCerts: false, browserName: chrome, browserVersion: 122.0.6261.112, chrome: {chromedriverVersion: 122.0.6261.128 (f18a44fedeb..., userDataDir: C:\Users\ACER\AppData\Local...}, fedcm:accounts: true, goog:chromeOptions: {debuggerAddress: localhost:1880}, javascriptEnabled: true, networkConnectionEnabled: false, pageLoadStrategy: normal, platform: WINDOWS, platformName: WINDOWS, proxy: Proxy(), setWindowRect: true, strictFileInteractability: false, timeouts: {implicit: 0, pageLoad: 300000, script: 30000}, unhandledPromptBehavior: dismiss and notify, webauthn:extension:credBlob: true, webauthn:extension:largeBlob: true, webauthn:extension:minPinLength: true, webauthn:extension:prf: true, webauthn:virtualAuthenticators: true}
Session ID: c399205b69b0591e0c7fbc0d5af26a35
at java.base/jdk.internal.reflect.DirectConstructorHandleAccessor.newInstance(DirectConstructorHandleAccessor.java:62)
at java.base/java.lang.reflect.Constructor.newInstanceWithCaller(Constructor.java:502)
at java.base/java.lang.reflect.Constructor.newInstance(Constructor.java:486)
at org.openqa.selenium.remote.http.W3CHttpResponseCodec.createException(W3CHttpResponseCodec.java:187)
at org.openqa.selenium.remote.http.W3CHttpResponseCodec.decode(W3CHttpResponseCodec.java:122)
at org.openqa.selenium.remote.http.W3CHttpResponseCodec.decode(W3CHttpResponseCodec.java:49)
at org.openqa.selenium.remote.HttpCommandExecutor.execute(HttpCommandExecutor.java:158)
at org.openqa.selenium.remote.service.DriverCommandExecutor.execute(DriverCommandExecutor.java:83)
at org.openqa.selenium.remote.RemoteWebDriver.execute(RemoteWebDriver.java:552)
at org.openqa.selenium.remote.RemoteWebElement.execute(RemoteWebElement.java:285)
at org.openqa.selenium.remote.RemoteWebElement.click(RemoteWebElement.java:84)
at java.base/jdk.internal.reflect.DirectMethodHandleAccessor.invoke(DirectMethodHandleAccessor.java:103)
at java.base/java.lang.reflect.Method.invoke(Method.java:580)
at org.openqa.selenium.support.pagefactory.internal.LocatingElementHandler.invoke(LocatingElementHandler.java:51)
at jdk.proxy2/jdk.proxy2.$Proxy39.click(Unknown Source)
at PageObject.MobileToPincode.SelectSpouse(MobileToPincode.java:67)
at StepDefinition.StepDef.select_member_one_as_member_two_as_member_three_as(StepDef.java:319)
at ✽.Select member one as "spouse" member two as "son" member three as "daughter"(file:///C:/Users/ACER/eclipse-workspace/Care_Supreme/./Features/TotalCoverage.feature:9)
]]>
            </full-stacktrace>
          </exception> <!-- org.openqa.selenium.ElementClickInterceptedException -->
          <reporter-output>
          </reporter-output>
        </test-method> <!-- runScenario -->
        <test-method is-config="true" signature="tearDownClass()[pri:0, instance:TestRunner.Runner@35d019a3]" started-at="2024-03-15T21:05:15 IST" name="tearDownClass" finished-at="2024-03-15T21:05:16 IST" duration-ms="22" status="PASS">
          <reporter-output>
          </reporter-output>
        </test-method> <!-- tearDownClass -->
      </class> <!-- TestRunner.Runner -->
    </test> <!-- Default test -->
  </suite> <!-- Default suite -->
</testng-results>
