<?xml version="1.0" encoding="UTF-8"?>
<!-- Generated by org.testng.reporters.JUnitReportReporter -->
<testsuite hostname="LAPTOP-MEGAJEV2" failures="0" tests="31" name="TestRunner.Runner" time="281.468" errors="6" timestamp="2024-03-15T19:45:30 IST" skipped="0">
  <testcase classname="TestRunner.Runner" name="runScenario" time="7.130"/>
  <system-out/>
  <testcase classname="TestRunner.Runner" name="runScenario" time="6.750"/>
  <system-out/>
  <testcase classname="TestRunner.Runner" name="runScenario" time="7.728">
    <error message="element click intercepted: Element &lt;label for=&quot;spouse&quot;&gt;...&lt;/label&gt; is not clickable at point (1008, 400). Other element would receive the click: &lt;div class=&quot;tranceporent_loader lozad&quot; data-background-image=&quot;https://www.careinsurance.com/images//logo_loader-1.gif&quot; style=&quot;display: block; background-image: url(&amp;quot;https://www.careinsurance.com/images//logo_loader-1.gif&amp;quot;);&quot; data-loaded=&quot;true&quot;&gt;...&lt;/div&gt;
  (Session info: chrome=122.0.6261.112)
Build info: version: &#039;3.141.59&#039;, revision: &#039;e82be7d358&#039;, time: &#039;2018-11-14T08:17:03&#039;
System info: host: &#039;LAPTOP-MEGAJEV2&#039;, ip: &#039;172.20.10.6&#039;, os.name: &#039;Windows 11&#039;, os.arch: &#039;amd64&#039;, os.version: &#039;10.0&#039;, java.version: &#039;21.0.1&#039;
Driver info: org.openqa.selenium.chrome.ChromeDriver
Capabilities {acceptInsecureCerts: false, browserName: chrome, browserVersion: 122.0.6261.112, chrome: {chromedriverVersion: 122.0.6261.128 (f18a44fedeb..., userDataDir: C:\Users\ACER\AppData\Local...}, fedcm:accounts: true, goog:chromeOptions: {debuggerAddress: localhost:5131}, javascriptEnabled: true, networkConnectionEnabled: false, pageLoadStrategy: normal, platform: WINDOWS, platformName: WINDOWS, proxy: Proxy(), setWindowRect: true, strictFileInteractability: false, timeouts: {implicit: 0, pageLoad: 300000, script: 30000}, unhandledPromptBehavior: dismiss and notify, webauthn:extension:credBlob: true, webauthn:extension:largeBlob: true, webauthn:extension:minPinLength: true, webauthn:extension:prf: true, webauthn:virtualAuthenticators: true}
Session ID: 3defbc78643ff90f7466396a14f007ab" type="org.openqa.selenium.ElementClickInterceptedException">
      <![CDATA[org.openqa.selenium.ElementClickInterceptedException: element click intercepted: Element <label for="spouse">...</label> is not clickable at point (1008, 400). Other element would receive the click: <div class="tranceporent_loader lozad" data-background-image="https://www.careinsurance.com/images//logo_loader-1.gif" style="display: block; background-image: url(&quot;https://www.careinsurance.com/images//logo_loader-1.gif&quot;);" data-loaded="true">...</div>
  (Session info: chrome=122.0.6261.112)
Build info: version: '3.141.59', revision: 'e82be7d358', time: '2018-11-14T08:17:03'
System info: host: 'LAPTOP-MEGAJEV2', ip: '172.20.10.6', os.name: 'Windows 11', os.arch: 'amd64', os.version: '10.0', java.version: '21.0.1'
Driver info: org.openqa.selenium.chrome.ChromeDriver
Capabilities {acceptInsecureCerts: false, browserName: chrome, browserVersion: 122.0.6261.112, chrome: {chromedriverVersion: 122.0.6261.128 (f18a44fedeb..., userDataDir: C:\Users\ACER\AppData\Local...}, fedcm:accounts: true, goog:chromeOptions: {debuggerAddress: localhost:5131}, javascriptEnabled: true, networkConnectionEnabled: false, pageLoadStrategy: normal, platform: WINDOWS, platformName: WINDOWS, proxy: Proxy(), setWindowRect: true, strictFileInteractability: false, timeouts: {implicit: 0, pageLoad: 300000, script: 30000}, unhandledPromptBehavior: dismiss and notify, webauthn:extension:credBlob: true, webauthn:extension:largeBlob: true, webauthn:extension:minPinLength: true, webauthn:extension:prf: true, webauthn:virtualAuthenticators: true}
Session ID: 3defbc78643ff90f7466396a14f007ab
at java.base/jdk.internal.reflect.DirectConstructorHandleAccessor.newInstance(DirectConstructorHandleAccessor.java:62)
at java.base/java.lang.reflect.Constructor.newInstanceWithCaller(Constructor.java:502)
at java.base/java.lang.reflect.Constructor.newInstance(Constructor.java:486)
at org.openqa.selenium.remote.http.W3CHttpResponseCodec.createException(W3CHttpResponseCodec.java:187)
at org.openqa.selenium.remote.http.W3CHttpResponseCodec.decode(W3CHttpResponseCodec.java:122)
at org.openqa.selenium.remote.http.W3CHttpResponseCodec.decode(W3CHttpResponseCodec.java:49)
at org.openqa.selenium.remote.HttpCommandExecutor.execute(HttpCommandExecutor.java:158)
at org.openqa.selenium.remote.service.DriverCommandExecutor.execute(DriverCommandExecutor.java:83)
at org.openqa.selenium.remote.RemoteWebDriver.execute(RemoteWebDriver.java:552)
at org.openqa.selenium.remote.RemoteWebElement.execute(RemoteWebElement.java:285)
at org.openqa.selenium.remote.RemoteWebElement.click(RemoteWebElement.java:84)
at java.base/jdk.internal.reflect.DirectMethodHandleAccessor.invoke(DirectMethodHandleAccessor.java:103)
at java.base/java.lang.reflect.Method.invoke(Method.java:580)
at org.openqa.selenium.support.pagefactory.internal.LocatingElementHandler.invoke(LocatingElementHandler.java:51)
at jdk.proxy2/jdk.proxy2.$Proxy39.click(Unknown Source)
at PageObject.MobileToPincode.SelectSpouse(MobileToPincode.java:67)
at StepDefinition.StepDef.select_member_one_as_member_two_as_member_three_as(StepDef.java:300)
at ✽.Select member one as "spouse" member two as "son" member three as "daughter"(file:///C:/Users/ACER/eclipse-workspace/Care_Supreme/./Features/AgeSelection.feature:9)
]]>
    </error>
  </testcase> <!-- runScenario -->
  <system-out/>
  <testcase classname="TestRunner.Runner" name="runScenario" time="7.232"/>
  <system-out/>
  <testcase classname="TestRunner.Runner" name="runScenario" time="33.232"/>
  <system-out/>
  <testcase classname="TestRunner.Runner" name="runScenario" time="17.728"/>
  <system-out/>
  <testcase classname="TestRunner.Runner" name="runScenario" time="11.017">
    <error message="element click intercepted: Element &lt;label for=&quot;spouse&quot;&gt;...&lt;/label&gt; is not clickable at point (1008, 401). Other element would receive the click: &lt;div class=&quot;step2 form-step Cr-PreQuote-InsuredDetails&quot; style=&quot;display: block;&quot;&gt;...&lt;/div&gt;
  (Session info: chrome=122.0.6261.112)
Build info: version: &#039;3.141.59&#039;, revision: &#039;e82be7d358&#039;, time: &#039;2018-11-14T08:17:03&#039;
System info: host: &#039;LAPTOP-MEGAJEV2&#039;, ip: &#039;172.20.10.6&#039;, os.name: &#039;Windows 11&#039;, os.arch: &#039;amd64&#039;, os.version: &#039;10.0&#039;, java.version: &#039;21.0.1&#039;
Driver info: org.openqa.selenium.chrome.ChromeDriver
Capabilities {acceptInsecureCerts: false, browserName: chrome, browserVersion: 122.0.6261.112, chrome: {chromedriverVersion: 122.0.6261.128 (f18a44fedeb..., userDataDir: C:\Users\ACER\AppData\Local...}, fedcm:accounts: true, goog:chromeOptions: {debuggerAddress: localhost:6175}, javascriptEnabled: true, networkConnectionEnabled: false, pageLoadStrategy: normal, platform: WINDOWS, platformName: WINDOWS, proxy: Proxy(), setWindowRect: true, strictFileInteractability: false, timeouts: {implicit: 0, pageLoad: 300000, script: 30000}, unhandledPromptBehavior: dismiss and notify, webauthn:extension:credBlob: true, webauthn:extension:largeBlob: true, webauthn:extension:minPinLength: true, webauthn:extension:prf: true, webauthn:virtualAuthenticators: true}
Session ID: 3a53e106653c9fda79d3865ba7be769c" type="org.openqa.selenium.ElementClickInterceptedException">
      <![CDATA[org.openqa.selenium.ElementClickInterceptedException: element click intercepted: Element <label for="spouse">...</label> is not clickable at point (1008, 401). Other element would receive the click: <div class="step2 form-step Cr-PreQuote-InsuredDetails" style="display: block;">...</div>
  (Session info: chrome=122.0.6261.112)
Build info: version: '3.141.59', revision: 'e82be7d358', time: '2018-11-14T08:17:03'
System info: host: 'LAPTOP-MEGAJEV2', ip: '172.20.10.6', os.name: 'Windows 11', os.arch: 'amd64', os.version: '10.0', java.version: '21.0.1'
Driver info: org.openqa.selenium.chrome.ChromeDriver
Capabilities {acceptInsecureCerts: false, browserName: chrome, browserVersion: 122.0.6261.112, chrome: {chromedriverVersion: 122.0.6261.128 (f18a44fedeb..., userDataDir: C:\Users\ACER\AppData\Local...}, fedcm:accounts: true, goog:chromeOptions: {debuggerAddress: localhost:6175}, javascriptEnabled: true, networkConnectionEnabled: false, pageLoadStrategy: normal, platform: WINDOWS, platformName: WINDOWS, proxy: Proxy(), setWindowRect: true, strictFileInteractability: false, timeouts: {implicit: 0, pageLoad: 300000, script: 30000}, unhandledPromptBehavior: dismiss and notify, webauthn:extension:credBlob: true, webauthn:extension:largeBlob: true, webauthn:extension:minPinLength: true, webauthn:extension:prf: true, webauthn:virtualAuthenticators: true}
Session ID: 3a53e106653c9fda79d3865ba7be769c
at java.base/jdk.internal.reflect.DirectConstructorHandleAccessor.newInstance(DirectConstructorHandleAccessor.java:62)
at java.base/java.lang.reflect.Constructor.newInstanceWithCaller(Constructor.java:502)
at java.base/java.lang.reflect.Constructor.newInstance(Constructor.java:486)
at org.openqa.selenium.remote.http.W3CHttpResponseCodec.createException(W3CHttpResponseCodec.java:187)
at org.openqa.selenium.remote.http.W3CHttpResponseCodec.decode(W3CHttpResponseCodec.java:122)
at org.openqa.selenium.remote.http.W3CHttpResponseCodec.decode(W3CHttpResponseCodec.java:49)
at org.openqa.selenium.remote.HttpCommandExecutor.execute(HttpCommandExecutor.java:158)
at org.openqa.selenium.remote.service.DriverCommandExecutor.execute(DriverCommandExecutor.java:83)
at org.openqa.selenium.remote.RemoteWebDriver.execute(RemoteWebDriver.java:552)
at org.openqa.selenium.remote.RemoteWebElement.execute(RemoteWebElement.java:285)
at org.openqa.selenium.remote.RemoteWebElement.click(RemoteWebElement.java:84)
at java.base/jdk.internal.reflect.DirectMethodHandleAccessor.invoke(DirectMethodHandleAccessor.java:103)
at java.base/java.lang.reflect.Method.invoke(Method.java:580)
at org.openqa.selenium.support.pagefactory.internal.LocatingElementHandler.invoke(LocatingElementHandler.java:51)
at jdk.proxy2/jdk.proxy2.$Proxy39.click(Unknown Source)
at PageObject.MobileToPincode.SelectSpouse(MobileToPincode.java:67)
at StepDefinition.StepDef.select_member_one_as_member_two_as_member_three_as(StepDef.java:300)
at ✽.Select member one as "spouse" member two as "son" member three as "daughter"(file:///C:/Users/ACER/eclipse-workspace/Care_Supreme/./Features/TotalCoverage.feature:9)
]]>
    </error>
  </testcase> <!-- runScenario -->
  <system-out/>
  <testcase classname="TestRunner.Runner" name="runScenario" time="7.809"/>
  <system-out/>
  <testcase classname="TestRunner.Runner" name="runScenario" time="11.930"/>
  <system-out/>
  <testcase classname="TestRunner.Runner" name="runScenario" time="13.748"/>
  <system-out/>
  <testcase classname="TestRunner.Runner" name="runScenario" time="5.751">
    <error message="element click intercepted: Element &lt;label for=&quot;father&quot;&gt;...&lt;/label&gt; is not clickable at point (1008, 241). Other element would receive the click: &lt;div class=&quot;tranceporent_loader lozad&quot; data-background-image=&quot;https://www.careinsurance.com/images//logo_loader-1.gif&quot; style=&quot;display: block; background-image: url(&amp;quot;https://www.careinsurance.com/images//logo_loader-1.gif&amp;quot;);&quot; data-loaded=&quot;true&quot;&gt;...&lt;/div&gt;
  (Session info: chrome=122.0.6261.112)
Build info: version: &#039;3.141.59&#039;, revision: &#039;e82be7d358&#039;, time: &#039;2018-11-14T08:17:03&#039;
System info: host: &#039;LAPTOP-MEGAJEV2&#039;, ip: &#039;172.20.10.6&#039;, os.name: &#039;Windows 11&#039;, os.arch: &#039;amd64&#039;, os.version: &#039;10.0&#039;, java.version: &#039;21.0.1&#039;
Driver info: org.openqa.selenium.chrome.ChromeDriver
Capabilities {acceptInsecureCerts: false, browserName: chrome, browserVersion: 122.0.6261.112, chrome: {chromedriverVersion: 122.0.6261.128 (f18a44fedeb..., userDataDir: C:\Users\ACER\AppData\Local...}, fedcm:accounts: true, goog:chromeOptions: {debuggerAddress: localhost:5197}, javascriptEnabled: true, networkConnectionEnabled: false, pageLoadStrategy: normal, platform: WINDOWS, platformName: WINDOWS, proxy: Proxy(), setWindowRect: true, strictFileInteractability: false, timeouts: {implicit: 0, pageLoad: 300000, script: 30000}, unhandledPromptBehavior: dismiss and notify, webauthn:extension:credBlob: true, webauthn:extension:largeBlob: true, webauthn:extension:minPinLength: true, webauthn:extension:prf: true, webauthn:virtualAuthenticators: true}
Session ID: 5375448ce4ebbb1d4338156dafaa1486" type="org.openqa.selenium.ElementClickInterceptedException">
      <![CDATA[org.openqa.selenium.ElementClickInterceptedException: element click intercepted: Element <label for="father">...</label> is not clickable at point (1008, 241). Other element would receive the click: <div class="tranceporent_loader lozad" data-background-image="https://www.careinsurance.com/images//logo_loader-1.gif" style="display: block; background-image: url(&quot;https://www.careinsurance.com/images//logo_loader-1.gif&quot;);" data-loaded="true">...</div>
  (Session info: chrome=122.0.6261.112)
Build info: version: '3.141.59', revision: 'e82be7d358', time: '2018-11-14T08:17:03'
System info: host: 'LAPTOP-MEGAJEV2', ip: '172.20.10.6', os.name: 'Windows 11', os.arch: 'amd64', os.version: '10.0', java.version: '21.0.1'
Driver info: org.openqa.selenium.chrome.ChromeDriver
Capabilities {acceptInsecureCerts: false, browserName: chrome, browserVersion: 122.0.6261.112, chrome: {chromedriverVersion: 122.0.6261.128 (f18a44fedeb..., userDataDir: C:\Users\ACER\AppData\Local...}, fedcm:accounts: true, goog:chromeOptions: {debuggerAddress: localhost:5197}, javascriptEnabled: true, networkConnectionEnabled: false, pageLoadStrategy: normal, platform: WINDOWS, platformName: WINDOWS, proxy: Proxy(), setWindowRect: true, strictFileInteractability: false, timeouts: {implicit: 0, pageLoad: 300000, script: 30000}, unhandledPromptBehavior: dismiss and notify, webauthn:extension:credBlob: true, webauthn:extension:largeBlob: true, webauthn:extension:minPinLength: true, webauthn:extension:prf: true, webauthn:virtualAuthenticators: true}
Session ID: 5375448ce4ebbb1d4338156dafaa1486
at java.base/jdk.internal.reflect.DirectConstructorHandleAccessor.newInstance(DirectConstructorHandleAccessor.java:62)
at java.base/java.lang.reflect.Constructor.newInstanceWithCaller(Constructor.java:502)
at java.base/java.lang.reflect.Constructor.newInstance(Constructor.java:486)
at org.openqa.selenium.remote.http.W3CHttpResponseCodec.createException(W3CHttpResponseCodec.java:187)
at org.openqa.selenium.remote.http.W3CHttpResponseCodec.decode(W3CHttpResponseCodec.java:122)
at org.openqa.selenium.remote.http.W3CHttpResponseCodec.decode(W3CHttpResponseCodec.java:49)
at org.openqa.selenium.remote.HttpCommandExecutor.execute(HttpCommandExecutor.java:158)
at org.openqa.selenium.remote.service.DriverCommandExecutor.execute(DriverCommandExecutor.java:83)
at org.openqa.selenium.remote.RemoteWebDriver.execute(RemoteWebDriver.java:552)
at org.openqa.selenium.remote.RemoteWebElement.execute(RemoteWebElement.java:285)
at org.openqa.selenium.remote.RemoteWebElement.click(RemoteWebElement.java:84)
at java.base/jdk.internal.reflect.DirectMethodHandleAccessor.invoke(DirectMethodHandleAccessor.java:103)
at java.base/java.lang.reflect.Method.invoke(Method.java:580)
at org.openqa.selenium.support.pagefactory.internal.LocatingElementHandler.invoke(LocatingElementHandler.java:51)
at jdk.proxy2/jdk.proxy2.$Proxy39.click(Unknown Source)
at PageObject.MobileToPincode.SelectFather(MobileToPincode.java:79)
at StepDefinition.StepDef.select_member_two(StepDef.java:233)
at ✽.Select member two "father"(file:///C:/Users/ACER/eclipse-workspace/Care_Supreme/./Features/MemberSelection.feature:21)
]]>
    </error>
  </testcase> <!-- runScenario -->
  <system-out/>
  <testcase classname="TestRunner.Runner" name="runScenario" time="6.396"/>
  <system-out/>
  <testcase classname="TestRunner.Runner" name="runScenario" time="7.262"/>
  <system-out/>
  <testcase classname="TestRunner.Runner" name="runScenario" time="5.913">
    <error message="element click intercepted: Element &lt;label for=&quot;spouse&quot;&gt;...&lt;/label&gt; is not clickable at point (1008, 401). Other element would receive the click: &lt;div class=&quot;tranceporent_loader lozad&quot; data-background-image=&quot;https://www.careinsurance.com/images//logo_loader-1.gif&quot; style=&quot;display: block; background-image: url(&amp;quot;https://www.careinsurance.com/images//logo_loader-1.gif&amp;quot;);&quot; data-loaded=&quot;true&quot;&gt;...&lt;/div&gt;
  (Session info: chrome=122.0.6261.112)
Build info: version: &#039;3.141.59&#039;, revision: &#039;e82be7d358&#039;, time: &#039;2018-11-14T08:17:03&#039;
System info: host: &#039;LAPTOP-MEGAJEV2&#039;, ip: &#039;172.20.10.6&#039;, os.name: &#039;Windows 11&#039;, os.arch: &#039;amd64&#039;, os.version: &#039;10.0&#039;, java.version: &#039;21.0.1&#039;
Driver info: org.openqa.selenium.chrome.ChromeDriver
Capabilities {acceptInsecureCerts: false, browserName: chrome, browserVersion: 122.0.6261.112, chrome: {chromedriverVersion: 122.0.6261.128 (f18a44fedeb..., userDataDir: C:\Users\ACER\AppData\Local...}, fedcm:accounts: true, goog:chromeOptions: {debuggerAddress: localhost:5163}, javascriptEnabled: true, networkConnectionEnabled: false, pageLoadStrategy: normal, platform: WINDOWS, platformName: WINDOWS, proxy: Proxy(), setWindowRect: true, strictFileInteractability: false, timeouts: {implicit: 0, pageLoad: 300000, script: 30000}, unhandledPromptBehavior: dismiss and notify, webauthn:extension:credBlob: true, webauthn:extension:largeBlob: true, webauthn:extension:minPinLength: true, webauthn:extension:prf: true, webauthn:virtualAuthenticators: true}
Session ID: a7eeeda9d3d598a6c4764ea7aeb5959d" type="org.openqa.selenium.ElementClickInterceptedException">
      <![CDATA[org.openqa.selenium.ElementClickInterceptedException: element click intercepted: Element <label for="spouse">...</label> is not clickable at point (1008, 401). Other element would receive the click: <div class="tranceporent_loader lozad" data-background-image="https://www.careinsurance.com/images//logo_loader-1.gif" style="display: block; background-image: url(&quot;https://www.careinsurance.com/images//logo_loader-1.gif&quot;);" data-loaded="true">...</div>
  (Session info: chrome=122.0.6261.112)
Build info: version: '3.141.59', revision: 'e82be7d358', time: '2018-11-14T08:17:03'
System info: host: 'LAPTOP-MEGAJEV2', ip: '172.20.10.6', os.name: 'Windows 11', os.arch: 'amd64', os.version: '10.0', java.version: '21.0.1'
Driver info: org.openqa.selenium.chrome.ChromeDriver
Capabilities {acceptInsecureCerts: false, browserName: chrome, browserVersion: 122.0.6261.112, chrome: {chromedriverVersion: 122.0.6261.128 (f18a44fedeb..., userDataDir: C:\Users\ACER\AppData\Local...}, fedcm:accounts: true, goog:chromeOptions: {debuggerAddress: localhost:5163}, javascriptEnabled: true, networkConnectionEnabled: false, pageLoadStrategy: normal, platform: WINDOWS, platformName: WINDOWS, proxy: Proxy(), setWindowRect: true, strictFileInteractability: false, timeouts: {implicit: 0, pageLoad: 300000, script: 30000}, unhandledPromptBehavior: dismiss and notify, webauthn:extension:credBlob: true, webauthn:extension:largeBlob: true, webauthn:extension:minPinLength: true, webauthn:extension:prf: true, webauthn:virtualAuthenticators: true}
Session ID: a7eeeda9d3d598a6c4764ea7aeb5959d
at java.base/jdk.internal.reflect.DirectConstructorHandleAccessor.newInstance(DirectConstructorHandleAccessor.java:62)
at java.base/java.lang.reflect.Constructor.newInstanceWithCaller(Constructor.java:502)
at java.base/java.lang.reflect.Constructor.newInstance(Constructor.java:486)
at org.openqa.selenium.remote.http.W3CHttpResponseCodec.createException(W3CHttpResponseCodec.java:187)
at org.openqa.selenium.remote.http.W3CHttpResponseCodec.decode(W3CHttpResponseCodec.java:122)
at org.openqa.selenium.remote.http.W3CHttpResponseCodec.decode(W3CHttpResponseCodec.java:49)
at org.openqa.selenium.remote.HttpCommandExecutor.execute(HttpCommandExecutor.java:158)
at org.openqa.selenium.remote.service.DriverCommandExecutor.execute(DriverCommandExecutor.java:83)
at org.openqa.selenium.remote.RemoteWebDriver.execute(RemoteWebDriver.java:552)
at org.openqa.selenium.remote.RemoteWebElement.execute(RemoteWebElement.java:285)
at org.openqa.selenium.remote.RemoteWebElement.click(RemoteWebElement.java:84)
at java.base/jdk.internal.reflect.DirectMethodHandleAccessor.invoke(DirectMethodHandleAccessor.java:103)
at java.base/java.lang.reflect.Method.invoke(Method.java:580)
at org.openqa.selenium.support.pagefactory.internal.LocatingElementHandler.invoke(LocatingElementHandler.java:51)
at jdk.proxy2/jdk.proxy2.$Proxy39.click(Unknown Source)
at PageObject.MobileToPincode.SelectSpouse(MobileToPincode.java:67)
at StepDefinition.StepDef.select_member_one_as_member_two_as_member_three_as(StepDef.java:300)
at ✽.Select member one as "spouse" member two as "son" member three as "daughter"(file:///C:/Users/ACER/eclipse-workspace/Care_Supreme/./Features/MemberSelection.feature:12)
]]>
    </error>
  </testcase> <!-- runScenario -->
  <system-out/>
  <testcase classname="TestRunner.Runner" name="runScenario" time="13.980"/>
  <system-out/>
  <testcase classname="TestRunner.Runner" name="runScenario" time="8.181"/>
  <system-out/>
  <testcase classname="TestRunner.Runner" name="runScenario" time="6.103"/>
  <system-out/>
  <testcase classname="TestRunner.Runner" name="runScenario" time="5.861"/>
  <system-out/>
  <testcase classname="TestRunner.Runner" name="runScenario" time="10.815"/>
  <system-out/>
  <testcase classname="TestRunner.Runner" name="runScenario" time="5.138"/>
  <system-out/>
  <testcase classname="TestRunner.Runner" name="runScenario" time="5.410"/>
  <system-out/>
  <testcase classname="TestRunner.Runner" name="runScenario" time="8.028"/>
  <system-out/>
  <testcase classname="TestRunner.Runner" name="runScenario" time="10.656"/>
  <system-out/>
  <testcase classname="TestRunner.Runner" name="runScenario" time="6.510">
    <error message="element click intercepted: Element &lt;button type=&quot;button&quot; class=&quot;btn_sticky_mobile btn_custom step3_continue custum_common_btn&quot; onclick=&quot;agevalidation();&quot;&gt;...&lt;/button&gt; is not clickable at point (850, 571). Other element would receive the click: &lt;div class=&quot;tranceporent_loader lozad&quot; data-background-image=&quot;https://www.careinsurance.com/images//logo_loader-1.gif&quot; style=&quot;display: block; background-image: url(&amp;quot;https://www.careinsurance.com/images//logo_loader-1.gif&amp;quot;);&quot; data-loaded=&quot;true&quot;&gt;...&lt;/div&gt;
  (Session info: chrome=122.0.6261.112)
Build info: version: &#039;3.141.59&#039;, revision: &#039;e82be7d358&#039;, time: &#039;2018-11-14T08:17:03&#039;
System info: host: &#039;LAPTOP-MEGAJEV2&#039;, ip: &#039;172.20.10.6&#039;, os.name: &#039;Windows 11&#039;, os.arch: &#039;amd64&#039;, os.version: &#039;10.0&#039;, java.version: &#039;21.0.1&#039;
Driver info: org.openqa.selenium.chrome.ChromeDriver
Capabilities {acceptInsecureCerts: false, browserName: chrome, browserVersion: 122.0.6261.112, chrome: {chromedriverVersion: 122.0.6261.128 (f18a44fedeb..., userDataDir: C:\Users\ACER\AppData\Local...}, fedcm:accounts: true, goog:chromeOptions: {debuggerAddress: localhost:6211}, javascriptEnabled: true, networkConnectionEnabled: false, pageLoadStrategy: normal, platform: WINDOWS, platformName: WINDOWS, proxy: Proxy(), setWindowRect: true, strictFileInteractability: false, timeouts: {implicit: 0, pageLoad: 300000, script: 30000}, unhandledPromptBehavior: dismiss and notify, webauthn:extension:credBlob: true, webauthn:extension:largeBlob: true, webauthn:extension:minPinLength: true, webauthn:extension:prf: true, webauthn:virtualAuthenticators: true}
Session ID: e6ea5f56c5b7487ba32ae750baa846c5" type="org.openqa.selenium.ElementClickInterceptedException">
      <![CDATA[org.openqa.selenium.ElementClickInterceptedException: element click intercepted: Element <button type="button" class="btn_sticky_mobile btn_custom step3_continue custum_common_btn" onclick="agevalidation();">...</button> is not clickable at point (850, 571). Other element would receive the click: <div class="tranceporent_loader lozad" data-background-image="https://www.careinsurance.com/images//logo_loader-1.gif" style="display: block; background-image: url(&quot;https://www.careinsurance.com/images//logo_loader-1.gif&quot;);" data-loaded="true">...</div>
  (Session info: chrome=122.0.6261.112)
Build info: version: '3.141.59', revision: 'e82be7d358', time: '2018-11-14T08:17:03'
System info: host: 'LAPTOP-MEGAJEV2', ip: '172.20.10.6', os.name: 'Windows 11', os.arch: 'amd64', os.version: '10.0', java.version: '21.0.1'
Driver info: org.openqa.selenium.chrome.ChromeDriver
Capabilities {acceptInsecureCerts: false, browserName: chrome, browserVersion: 122.0.6261.112, chrome: {chromedriverVersion: 122.0.6261.128 (f18a44fedeb..., userDataDir: C:\Users\ACER\AppData\Local...}, fedcm:accounts: true, goog:chromeOptions: {debuggerAddress: localhost:6211}, javascriptEnabled: true, networkConnectionEnabled: false, pageLoadStrategy: normal, platform: WINDOWS, platformName: WINDOWS, proxy: Proxy(), setWindowRect: true, strictFileInteractability: false, timeouts: {implicit: 0, pageLoad: 300000, script: 30000}, unhandledPromptBehavior: dismiss and notify, webauthn:extension:credBlob: true, webauthn:extension:largeBlob: true, webauthn:extension:minPinLength: true, webauthn:extension:prf: true, webauthn:virtualAuthenticators: true}
Session ID: e6ea5f56c5b7487ba32ae750baa846c5
at java.base/jdk.internal.reflect.DirectConstructorHandleAccessor.newInstance(DirectConstructorHandleAccessor.java:62)
at java.base/java.lang.reflect.Constructor.newInstanceWithCaller(Constructor.java:502)
at java.base/java.lang.reflect.Constructor.newInstance(Constructor.java:486)
at org.openqa.selenium.remote.http.W3CHttpResponseCodec.createException(W3CHttpResponseCodec.java:187)
at org.openqa.selenium.remote.http.W3CHttpResponseCodec.decode(W3CHttpResponseCodec.java:122)
at org.openqa.selenium.remote.http.W3CHttpResponseCodec.decode(W3CHttpResponseCodec.java:49)
at org.openqa.selenium.remote.HttpCommandExecutor.execute(HttpCommandExecutor.java:158)
at org.openqa.selenium.remote.service.DriverCommandExecutor.execute(DriverCommandExecutor.java:83)
at org.openqa.selenium.remote.RemoteWebDriver.execute(RemoteWebDriver.java:552)
at org.openqa.selenium.remote.RemoteWebElement.execute(RemoteWebElement.java:285)
at org.openqa.selenium.remote.RemoteWebElement.click(RemoteWebElement.java:84)
at java.base/jdk.internal.reflect.DirectMethodHandleAccessor.invoke(DirectMethodHandleAccessor.java:103)
at java.base/java.lang.reflect.Method.invoke(Method.java:580)
at org.openqa.selenium.support.pagefactory.internal.LocatingElementHandler.invoke(LocatingElementHandler.java:51)
at jdk.proxy2/jdk.proxy2.$Proxy39.click(Unknown Source)
at PageObject.MobileToPincode.ClickAgeContinuebtn(MobileToPincode.java:137)
at StepDefinition.StepDef.click_on_age_countinue_button(StepDef.java:323)
at ✽.Click on age countinue button(file:///C:/Users/ACER/eclipse-workspace/Care_Supreme/./Features/TotalCoverage.feature:13)
]]>
    </error>
  </testcase> <!-- runScenario -->
  <system-out/>
  <testcase classname="TestRunner.Runner" name="runScenario" time="9.371">
    <error message="element click intercepted: Element &lt;label for=&quot;spouse&quot;&gt;...&lt;/label&gt; is not clickable at point (1008, 412). Other element would receive the click: &lt;div class=&quot;step2 form-step Cr-PreQuote-InsuredDetails&quot; style=&quot;display: block;&quot;&gt;...&lt;/div&gt;
  (Session info: chrome=122.0.6261.112)
Build info: version: &#039;3.141.59&#039;, revision: &#039;e82be7d358&#039;, time: &#039;2018-11-14T08:17:03&#039;
System info: host: &#039;LAPTOP-MEGAJEV2&#039;, ip: &#039;172.20.10.6&#039;, os.name: &#039;Windows 11&#039;, os.arch: &#039;amd64&#039;, os.version: &#039;10.0&#039;, java.version: &#039;21.0.1&#039;
Driver info: org.openqa.selenium.chrome.ChromeDriver
Capabilities {acceptInsecureCerts: false, browserName: chrome, browserVersion: 122.0.6261.112, chrome: {chromedriverVersion: 122.0.6261.128 (f18a44fedeb..., userDataDir: C:\Users\ACER\AppData\Local...}, fedcm:accounts: true, goog:chromeOptions: {debuggerAddress: localhost:6102}, javascriptEnabled: true, networkConnectionEnabled: false, pageLoadStrategy: normal, platform: WINDOWS, platformName: WINDOWS, proxy: Proxy(), setWindowRect: true, strictFileInteractability: false, timeouts: {implicit: 0, pageLoad: 300000, script: 30000}, unhandledPromptBehavior: dismiss and notify, webauthn:extension:credBlob: true, webauthn:extension:largeBlob: true, webauthn:extension:minPinLength: true, webauthn:extension:prf: true, webauthn:virtualAuthenticators: true}
Session ID: 8a3ca2dedbd1d0bd23ab80310b2561c6" type="org.openqa.selenium.ElementClickInterceptedException">
      <![CDATA[org.openqa.selenium.ElementClickInterceptedException: element click intercepted: Element <label for="spouse">...</label> is not clickable at point (1008, 412). Other element would receive the click: <div class="step2 form-step Cr-PreQuote-InsuredDetails" style="display: block;">...</div>
  (Session info: chrome=122.0.6261.112)
Build info: version: '3.141.59', revision: 'e82be7d358', time: '2018-11-14T08:17:03'
System info: host: 'LAPTOP-MEGAJEV2', ip: '172.20.10.6', os.name: 'Windows 11', os.arch: 'amd64', os.version: '10.0', java.version: '21.0.1'
Driver info: org.openqa.selenium.chrome.ChromeDriver
Capabilities {acceptInsecureCerts: false, browserName: chrome, browserVersion: 122.0.6261.112, chrome: {chromedriverVersion: 122.0.6261.128 (f18a44fedeb..., userDataDir: C:\Users\ACER\AppData\Local...}, fedcm:accounts: true, goog:chromeOptions: {debuggerAddress: localhost:6102}, javascriptEnabled: true, networkConnectionEnabled: false, pageLoadStrategy: normal, platform: WINDOWS, platformName: WINDOWS, proxy: Proxy(), setWindowRect: true, strictFileInteractability: false, timeouts: {implicit: 0, pageLoad: 300000, script: 30000}, unhandledPromptBehavior: dismiss and notify, webauthn:extension:credBlob: true, webauthn:extension:largeBlob: true, webauthn:extension:minPinLength: true, webauthn:extension:prf: true, webauthn:virtualAuthenticators: true}
Session ID: 8a3ca2dedbd1d0bd23ab80310b2561c6
at java.base/jdk.internal.reflect.DirectConstructorHandleAccessor.newInstance(DirectConstructorHandleAccessor.java:62)
at java.base/java.lang.reflect.Constructor.newInstanceWithCaller(Constructor.java:502)
at java.base/java.lang.reflect.Constructor.newInstance(Constructor.java:486)
at org.openqa.selenium.remote.http.W3CHttpResponseCodec.createException(W3CHttpResponseCodec.java:187)
at org.openqa.selenium.remote.http.W3CHttpResponseCodec.decode(W3CHttpResponseCodec.java:122)
at org.openqa.selenium.remote.http.W3CHttpResponseCodec.decode(W3CHttpResponseCodec.java:49)
at org.openqa.selenium.remote.HttpCommandExecutor.execute(HttpCommandExecutor.java:158)
at org.openqa.selenium.remote.service.DriverCommandExecutor.execute(DriverCommandExecutor.java:83)
at org.openqa.selenium.remote.RemoteWebDriver.execute(RemoteWebDriver.java:552)
at org.openqa.selenium.remote.RemoteWebElement.execute(RemoteWebElement.java:285)
at org.openqa.selenium.remote.RemoteWebElement.click(RemoteWebElement.java:84)
at java.base/jdk.internal.reflect.DirectMethodHandleAccessor.invoke(DirectMethodHandleAccessor.java:103)
at java.base/java.lang.reflect.Method.invoke(Method.java:580)
at org.openqa.selenium.support.pagefactory.internal.LocatingElementHandler.invoke(LocatingElementHandler.java:51)
at jdk.proxy2/jdk.proxy2.$Proxy39.click(Unknown Source)
at PageObject.MobileToPincode.SelectSpouse(MobileToPincode.java:67)
at StepDefinition.StepDef.select_member_one_as_member_two_as_member_three_as(StepDef.java:300)
at ✽.Select member one as "spouse" member two as "son" member three as "daughter"(file:///C:/Users/ACER/eclipse-workspace/Care_Supreme/./Features/TotalCoverage.feature:9)
]]>
    </error>
  </testcase> <!-- runScenario -->
  <system-out/>
  <testcase classname="TestRunner.Runner" name="runScenario" time="5.344"/>
  <system-out/>
  <testcase classname="TestRunner.Runner" name="runScenario" time="5.286"/>
  <system-out/>
  <testcase classname="TestRunner.Runner" name="runScenario" time="13.076"/>
  <system-out/>
  <testcase classname="TestRunner.Runner" name="runScenario" time="6.963"/>
  <system-out/>
  <testcase classname="TestRunner.Runner" name="runScenario" time="5.409"/>
  <system-out/>
  <testcase classname="TestRunner.Runner" name="runScenario" time="5.711"/>
  <system-out/>
</testsuite> <!-- TestRunner.Runner -->
